<?xml version="1.0" encoding="UTF-8"?>
<!-- Generated by org.testng.reporters.JUnitReportReporter -->
<testsuite hostname="krishna" failures="0" tests="1" name="swapnil.Calling_method" time="27.949" errors="0" timestamp="2022-07-31T21:15:09 PDT" skipped="0">
  <testcase classname="swapnil.Calling_method" name="m1" time="27.949"/>
  <system-out/>
</testsuite> <!-- swapnil.Calling_method -->
