<?xml version="1.0" encoding="UTF-8"?>
<!-- Generated by org.testng.reporters.JUnitReportReporter -->
<testsuite hostname="krishna" failures="0" tests="1" name="manish.Table_data" time="5.579" errors="0" timestamp="2022-08-03T23:30:14 PDT" skipped="0">
  <testcase classname="manish.Table_data" name="tabledata" time="5.579"/>
  <system-out/>
</testsuite> <!-- manish.Table_data -->
