<?xml version="1.0" encoding="UTF-8"?>
<!-- Generated by org.testng.reporters.JUnitReportReporter -->
<testsuite hostname="krishna" failures="0" tests="2" name="Demo2.Basic_annotation" time="0.014" errors="0" timestamp="2022-08-01T12:20:24 PDT" skipped="0">
  <testcase classname="Demo2.Basic_annotation" name="m3" time="0.010"/>
  <system-out/>
  <testcase classname="Demo2.Basic_annotation" name="m4" time="0.004"/>
  <system-out/>
</testsuite> <!-- Demo2.Basic_annotation -->
