<?xml version="1.0" encoding="UTF-8"?>
<!-- Generated by org.testng.reporters.JUnitReportReporter -->
<testsuite hostname="krishna" failures="0" tests="1" name="Test_layer.Test_class" time="63.864" errors="0" timestamp="2023-03-01T21:06:59 IST" skipped="0">
  <testcase classname="Test_layer.Test_class" name="homePagefunction" time="63.864"/>
  <system-out/>
</testsuite> <!-- Test_layer.Test_class -->
