<?xml version="1.0" encoding="UTF-8"?>
<!-- Generated by org.testng.reporters.JUnitReportReporter -->
<testsuite hostname="krishna" failures="0" tests="1" name="Test_layer.TestClass" time="65.537" errors="0" timestamp="2023-08-16T21:56:38 IST" skipped="0">
  <testcase classname="Test_layer.TestClass" name="setUp" time="65.537"/>
  <system-out/>
</testsuite> <!-- Test_layer.TestClass -->
