<?xml version="1.0" encoding="UTF-8"?>
<!-- Generated by org.testng.reporters.JUnitReportReporter -->
<testsuite hostname="krishna" failures="0" tests="2" name="Test_layer.Test_class_add_customer" time="32.856" errors="0" timestamp="2023-08-16T21:36:59 IST" skipped="0">
  <testcase classname="Test_layer.Test_class_add_customer" name="tvalidateAddFuncationlity" time="9.090"/>
  <system-out/>
  <testcase classname="Test_layer.Test_class_add_customer" name="setup" time="23.766"/>
  <system-out/>
</testsuite> <!-- Test_layer.Test_class_add_customer -->
